[debug] [2022-02-18T00:19:18.690Z] ----------------------------------------------------------------------
[debug] [2022-02-18T00:19:18.692Z] Command:       /usr/local/bin/node /Users/hakanalpay/.yarn/bin/firebase deploy
[debug] [2022-02-18T00:19:18.692Z] CLI Version:   9.20.0
[debug] [2022-02-18T00:19:18.692Z] Platform:      darwin
[debug] [2022-02-18T00:19:18.692Z] Node Version:  v14.17.6
[debug] [2022-02-18T00:19:18.693Z] Time:          Thu Feb 17 2022 16:19:18 GMT-0800 (Pacific Standard Time)
[debug] [2022-02-18T00:19:18.693Z] ----------------------------------------------------------------------
[debug] 
[debug] [2022-02-18T00:19:18.732Z] > command requires scopes: ["email","openid","https://www.googleapis.com/auth/cloudplatformprojects.readonly","https://www.googleapis.com/auth/firebase","https://www.googleapis.com/auth/cloud-platform"]
[debug] [2022-02-18T00:19:18.732Z] > authorizing via signed-in user (hak7alp@gmail.com)
[debug] [2022-02-18T00:19:18.732Z] [iam] checking project aioaio for permissions ["cloudfunctions.functions.create","cloudfunctions.functions.delete","cloudfunctions.functions.get","cloudfunctions.functions.list","cloudfunctions.functions.update","cloudfunctions.operations.get","datastore.indexes.create","datastore.indexes.delete","datastore.indexes.list","datastore.indexes.update","firebase.projects.get","firebasehosting.sites.update"]
[debug] [2022-02-18T00:19:18.733Z] >>> HTTP REQUEST POST https://cloudresourcemanager.googleapis.com/v1/projects/aioaio:testIamPermissions  
 {"permissions":["cloudfunctions.functions.create","cloudfunctions.functions.delete","cloudfunctions.functions.get","cloudfunctions.functions.list","cloudfunctions.functions.update","cloudfunctions.operations.get","datastore.indexes.create","datastore.indexes.delete","datastore.indexes.list","datastore.indexes.update","firebase.projects.get","firebasehosting.sites.update"]}
[debug] [2022-02-18T00:19:19.042Z] <<< HTTP RESPONSE 200 {"content-type":"application/json; charset=UTF-8","vary":"X-Origin, Referer, Origin,Accept-Encoding","date":"Fri, 18 Feb 2022 00:19:19 GMT","server":"ESF","cache-control":"private","x-xss-protection":"0","x-frame-options":"SAMEORIGIN","x-content-type-options":"nosniff","server-timing":"gfet4t7; dur=49","alt-svc":"h3=\":443\"; ma=2592000,h3-29=\":443\"; ma=2592000,h3-Q050=\":443\"; ma=2592000,h3-Q046=\":443\"; ma=2592000,h3-Q043=\":443\"; ma=2592000,quic=\":443\"; ma=2592000; v=\"46,43\"","accept-ranges":"none","transfer-encoding":"chunked"}
[debug] [2022-02-18T00:19:19.043Z] >>> HTTP REQUEST POST https://iam.googleapis.com/v1/projects/aioaio/serviceAccounts/aioaio@appspot.gserviceaccount.com:testIamPermissions  
 {"permissions":["iam.serviceAccounts.actAs"]}
[debug] [2022-02-18T00:19:19.356Z] <<< HTTP RESPONSE 200 {"content-type":"application/json; charset=UTF-8","vary":"X-Origin, Referer, Origin,Accept-Encoding","date":"Fri, 18 Feb 2022 00:19:19 GMT","server":"ESF","cache-control":"private","x-xss-protection":"0","x-frame-options":"SAMEORIGIN","x-content-type-options":"nosniff","alt-svc":"h3=\":443\"; ma=2592000,h3-29=\":443\"; ma=2592000,h3-Q050=\":443\"; ma=2592000,h3-Q046=\":443\"; ma=2592000,h3-Q043=\":443\"; ma=2592000,quic=\":443\"; ma=2592000; v=\"46,43\"","accept-ranges":"none","transfer-encoding":"chunked"}
[debug] [2022-02-18T00:19:19.358Z] > refreshing access token with scopes: []
[debug] [2022-02-18T00:19:19.358Z] >>> HTTP REQUEST POST https://www.googleapis.com/oauth2/v3/token  
 <request body omitted>
[debug] [2022-02-18T00:19:19.607Z] <<< HTTP RESPONSE 200 {"pragma":"no-cache","expires":"Mon, 01 Jan 1990 00:00:00 GMT","date":"Fri, 18 Feb 2022 00:19:19 GMT","cache-control":"no-cache, no-store, max-age=0, must-revalidate","content-type":"application/json; charset=utf-8","vary":"X-Origin, Referer, Origin,Accept-Encoding","server":"scaffolding on HTTPServer2","x-xss-protection":"0","x-frame-options":"SAMEORIGIN","x-content-type-options":"nosniff","alt-svc":"h3=\":443\"; ma=2592000,h3-29=\":443\"; ma=2592000,h3-Q050=\":443\"; ma=2592000,h3-Q046=\":443\"; ma=2592000,h3-Q043=\":443\"; ma=2592000,quic=\":443\"; ma=2592000; v=\"46,43\"","accept-ranges":"none","transfer-encoding":"chunked"}
[debug] [2022-02-18T00:19:19.678Z] >>> [apiv2][query] GET https://firebase.googleapis.com/v1beta1/projects/aioaio [none]
[debug] [2022-02-18T00:19:20.154Z] <<< [apiv2][status] GET https://firebase.googleapis.com/v1beta1/projects/aioaio 200
